Connecting to database specified by database.yml
Migrating to CreateUsers (20120824091213)
Migrating to CreateRoles (20120824091319)
Migrating to CreateStatuses (20120824092527)
Migrating to CreateBooks (20120824093016)
Migrating to AddBooknameToBooks (20120824124142)
Migrating to AddBookIdToStatus (20120824131537)
Migrating to AddEmailToUsers (20121102075023)
Migrating to AddNumberToBooks (20130422074645)
Migrating to AddPlaceToBooks (20130422074859)
Migrating to RemoveNumberFromBooks (20130423121604)
Migrating to AddNumberToStatus (20130510072545)
Migrating to AddAcceptionToUser (20130513072907)
Migrating to AddOwnerToUser (20130513072936)
Connecting to database specified by database.yml
Connecting to database specified by database.yml
Connecting to database specified by database.yml
Compiled jquery.js  (10ms)  (pid 31545)
Compiled jquery_ujs.js  (0ms)  (pid 31545)
Compiled books.js  (36ms)  (pid 31545)
Compiled roles.js  (0ms)  (pid 31545)
Compiled sessions.js  (0ms)  (pid 31545)
Compiled statuses.js  (0ms)  (pid 31545)
Compiled users.js  (0ms)  (pid 31545)
Compiled application.js  (64ms)  (pid 31545)
Compiled books.css  (14ms)  (pid 31545)
Compiled roles.css  (0ms)  (pid 31545)
Compiled scaffolds.css  (5ms)  (pid 31545)
Compiled sessions.css  (0ms)  (pid 31545)
Compiled statuses.css  (0ms)  (pid 31545)
Compiled users.css  (0ms)  (pid 31545)
Compiled application.css  (32ms)  (pid 31545)
Compiled jquery.js  (10ms)  (pid 31545)
Compiled jquery_ujs.js  (0ms)  (pid 31545)
Compiled books.js  (37ms)  (pid 31545)
Compiled roles.js  (0ms)  (pid 31545)
Compiled sessions.js  (0ms)  (pid 31545)
Compiled statuses.js  (0ms)  (pid 31545)
Compiled users.js  (0ms)  (pid 31545)
Compiled application.js  (64ms)  (pid 31545)
Compiled books.css  (3ms)  (pid 31545)
Compiled roles.css  (0ms)  (pid 31545)
Compiled scaffolds.css  (5ms)  (pid 31545)
Compiled sessions.css  (0ms)  (pid 31545)
Compiled statuses.css  (0ms)  (pid 31545)
Compiled users.css  (0ms)  (pid 31545)
Compiled application.css  (31ms)  (pid 31545)
Connecting to database specified by database.yml
Connecting to database specified by database.yml
